<?xml version="1.0" encoding="UTF-8"?>
<testng-results ignored="0" total="1" passed="1" failed="0" skipped="0">
  <reporter-output>
  </reporter-output>
  <suite started-at="2021-08-10T09:56:04 IST" name="Default suite" finished-at="2021-08-10T09:56:10 IST" duration-ms="5200">
    <groups>
    </groups>
    <test started-at="2021-08-10T09:56:04 IST" name="Default test" finished-at="2021-08-10T09:56:10 IST" duration-ms="5200">
      <class name="rest.assured.APITest">
        <test-method signature="tester()[pri:0, instance:rest.assured.APITest@776b83cc]" started-at="2021-08-10T09:56:05 IST" name="tester" finished-at="2021-08-10T09:56:10 IST" duration-ms="5101" status="PASS">
          <reporter-output>
          </reporter-output>
        </test-method> <!-- tester -->
      </class> <!-- rest.assured.APITest -->
    </test> <!-- Default test -->
  </suite> <!-- Default suite -->
</testng-results>
